Start 
Deleted file - D:\GitHub\CUBE\Tool\Systems\CubeTool\php\CubeDbLogon.php
Deleted file - D:\GitHub\CUBE\Tool\Systems\CubeTool\php\CubeToolDetail.php
Deleted file - D:\GitHub\CUBE\Tool\Systems\CubeTool\php\CubeToolMain.php
Deleted file - D:\GitHub\CUBE\Tool\Systems\CubeTool\php\CubeToolServer.php
Deleted file - D:\GitHub\CUBE\Tool\Systems\CubeTool\php\CubeToolTree.php
Deleted file - D:\GitHub\CUBE\Tool\Systems\CubeTool\php\Index.php

CubeGen v2.`8  14 March 2018
=====================================
Reading Model      : Systems\CubeTool\CubeBoModel.cgm
Preparing Template : Templates\CubeDbLogonPhp.cgt
Generating Code    : Systems\CubeTool\php\CubeDbLogon.php
Ready

CubeGen v2.`8  14 March 2018
=====================================
Reading Model      : Systems\CubeTool\CubeBoModel.cgm
Preparing Template : Templates\IndexPhp.cgt
Generating Code    : Systems\CubeTool\php\Index.php
Ready

CubeGen v2.`8  14 March 2018
=====================================
Reading Model      : Systems\CubeTool\CubeBoModel.cgm
Preparing Template : Templates\CubeTreePhp.cgt
Generating Code    : Systems\CubeTool\php\CubeToolTree.php
Ready

CubeGen v2.`8  14 March 2018
=====================================
Reading Model      : Systems\CubeTool\CubeBoModel.cgm
Preparing Template : Templates\CubeMainPhp.cgt
Generating Code    : Systems\CubeTool\php\CubeToolMain.php
Ready

CubeGen v2.`8  14 March 2018
=====================================
Reading Model      : Systems\CubeTool\CubeBoModel.cgm
Preparing Template : Templates\CubeDetailPhp.cgt
Generating Code    : Systems\CubeTool\php\CubeToolDetail.php
Generating Code    : Systems\CubeTool\php\CubeToolDetailITP.php
Generating Code    : Systems\CubeTool\php\CubeToolDetailITE.php
Generating Code    : Systems\CubeTool\php\CubeToolDetailVAL.php
Generating Code    : Systems\CubeTool\php\CubeToolDetailBOT.php
Generating Code    : Systems\CubeTool\php\CubeToolDetailTYP.php
Generating Code    : Systems\CubeTool\php\CubeToolDetailATB.php
Generating Code    : Systems\CubeTool\php\CubeToolDetailDER.php
Generating Code    : Systems\CubeTool\php\CubeToolDetailDCA.php
Generating Code    : Systems\CubeTool\php\CubeToolDetailRTA.php
Generating Code    : Systems\CubeTool\php\CubeToolDetailREF.php
Generating Code    : Systems\CubeTool\php\CubeToolDetailDCR.php
Generating Code    : Systems\CubeTool\php\CubeToolDetailRTR.php
Generating Code    : Systems\CubeTool\php\CubeToolDetailTYR.php
Generating Code    : Systems\CubeTool\php\CubeToolDetailPAR.php
Generating Code    : Systems\CubeTool\php\CubeToolDetailSTP.php
Generating Code    : Systems\CubeTool\php\CubeToolDetailTSG.php
Generating Code    : Systems\CubeTool\php\CubeToolDetailTSP.php
Generating Code    : Systems\CubeTool\php\CubeToolDetailDCT.php
Generating Code    : Systems\CubeTool\php\CubeToolDetailSYS.php
Generating Code    : Systems\CubeTool\php\CubeToolDetailSBT.php
Generating Code    : Systems\CubeTool\php\CubeToolDetailFUN.php
Generating Code    : Systems\CubeTool\php\CubeToolDetailARG.php
Generating Code    : Systems\CubeTool\php\CubeToolDetailCUB.php
Generating Code    : Systems\CubeTool\php\CubeToolDetailCGP.php
Generating Code    : Systems\CubeTool\php\CubeToolDetailCGM.php
Generating Code    : Systems\CubeTool\php\CubeToolDetailCGO.php
Generating Code    : Systems\CubeTool\php\CubeToolDetailCGF.php
Ready

CubeGen v2.`8  14 March 2018
=====================================
Reading Model      : Systems\CubeTool\CubeServerSpecModel.cgm
Preparing Template : Templates\CubeServerPhp.cgt
Generating Code    : Systems\CubeTool\php\CubeToolServer.php
Ready
Deleted file - C:\inetpub\wwwroot\CubeTool\base_css.php
Deleted file - C:\inetpub\wwwroot\CubeTool\CubeDbLogon.php
Deleted file - C:\inetpub\wwwroot\CubeTool\CubeSysDetail.php
Deleted file - C:\inetpub\wwwroot\CubeTool\CubeSysDetailCUBE_DSC.php
Deleted file - C:\inetpub\wwwroot\CubeTool\CubeSysServer.php
Deleted file - C:\inetpub\wwwroot\CubeTool\CubeSysTree.php
Deleted file - C:\inetpub\wwwroot\CubeTool\CubeToolDetail.php
Deleted file - C:\inetpub\wwwroot\CubeTool\CubeToolMain.php
Deleted file - C:\inetpub\wwwroot\CubeTool\CubeToolServer.php
Deleted file - C:\inetpub\wwwroot\CubeTool\CubeToolTree.php
Deleted file - C:\inetpub\wwwroot\CubeTool\Index.php
Deleted file - C:\inetpub\wwwroot\CubeTool\README.md
Deleted file - C:\inetpub\wwwroot\CubeTool\icons\add.bmp
Deleted file - C:\inetpub\wwwroot\CubeTool\icons\adres.bmp
Deleted file - C:\inetpub\wwwroot\CubeTool\icons\adres_large.bmp
Deleted file - C:\inetpub\wwwroot\CubeTool\icons\attrib.bmp
Deleted file - C:\inetpub\wwwroot\CubeTool\icons\attrib_add.bmp
Deleted file - C:\inetpub\wwwroot\CubeTool\icons\attrib_large.bmp
Deleted file - C:\inetpub\wwwroot\CubeTool\icons\botype.bmp
Deleted file - C:\inetpub\wwwroot\CubeTool\icons\botype_add.bmp
Deleted file - C:\inetpub\wwwroot\CubeTool\icons\botype_large.bmp
Deleted file - C:\inetpub\wwwroot\CubeTool\icons\close.bmp
Deleted file - C:\inetpub\wwwroot\CubeTool\icons\close_h.bmp
Deleted file - C:\inetpub\wwwroot\CubeTool\icons\cubegen.bmp
Deleted file - C:\inetpub\wwwroot\CubeTool\icons\cubegen_large.bmp
Deleted file - C:\inetpub\wwwroot\CubeTool\icons\cube_change_par.bmp
Deleted file - C:\inetpub\wwwroot\CubeTool\icons\cube_move.bmp
Deleted file - C:\inetpub\wwwroot\CubeTool\icons\deriv.bmp
Deleted file - C:\inetpub\wwwroot\CubeTool\icons\deriv_large.bmp
Deleted file - C:\inetpub\wwwroot\CubeTool\icons\desc.bmp
Deleted file - C:\inetpub\wwwroot\CubeTool\icons\desc_large.bmp
Deleted file - C:\inetpub\wwwroot\CubeTool\icons\dot.bmp
Deleted file - C:\inetpub\wwwroot\CubeTool\icons\dot_large.bmp
Deleted file - C:\inetpub\wwwroot\CubeTool\icons\exit.bmp
Deleted file - C:\inetpub\wwwroot\CubeTool\icons\expres.bmp
Deleted file - C:\inetpub\wwwroot\CubeTool\icons\expres_large.bmp
Deleted file - C:\inetpub\wwwroot\CubeTool\icons\Folder.bmp
Deleted file - C:\inetpub\wwwroot\CubeTool\icons\Folder_large.bmp
Deleted file - C:\inetpub\wwwroot\CubeTool\icons\funcatb.bmp
Deleted file - C:\inetpub\wwwroot\CubeTool\icons\funcatb_large.bmp
Deleted file - C:\inetpub\wwwroot\CubeTool\icons\function.bmp
Deleted file - C:\inetpub\wwwroot\CubeTool\icons\function_large.bmp
Deleted file - C:\inetpub\wwwroot\CubeTool\icons\infelem.bmp
Deleted file - C:\inetpub\wwwroot\CubeTool\icons\infelem_add.bmp
Deleted file - C:\inetpub\wwwroot\CubeTool\icons\infelem_large.bmp
Deleted file - C:\inetpub\wwwroot\CubeTool\icons\inftype.bmp
Deleted file - C:\inetpub\wwwroot\CubeTool\icons\inftype_large.bmp
Deleted file - C:\inetpub\wwwroot\CubeTool\icons\irf.bmp
Deleted file - C:\inetpub\wwwroot\CubeTool\icons\irf_large.bmp
Deleted file - C:\inetpub\wwwroot\CubeTool\icons\klant.bmp
Deleted file - C:\inetpub\wwwroot\CubeTool\icons\klant_large.bmp
Deleted file - C:\inetpub\wwwroot\CubeTool\icons\model.bmp
Deleted file - C:\inetpub\wwwroot\CubeTool\icons\model_large.bmp
Deleted file - C:\inetpub\wwwroot\CubeTool\icons\open.bmp
Deleted file - C:\inetpub\wwwroot\CubeTool\icons\open_h.bmp
Deleted file - C:\inetpub\wwwroot\CubeTool\icons\order.bmp
Deleted file - C:\inetpub\wwwroot\CubeTool\icons\order_large.bmp
Deleted file - C:\inetpub\wwwroot\CubeTool\icons\ordprod.bmp
Deleted file - C:\inetpub\wwwroot\CubeTool\icons\ordprod_large.bmp
Deleted file - C:\inetpub\wwwroot\CubeTool\icons\part.bmp
Deleted file - C:\inetpub\wwwroot\CubeTool\icons\partit.bmp
Deleted file - C:\inetpub\wwwroot\CubeTool\icons\partit_large.bmp
Deleted file - C:\inetpub\wwwroot\CubeTool\icons\part_large.bmp
Deleted file - C:\inetpub\wwwroot\CubeTool\icons\pointer-par-nok.cur
Deleted file - C:\inetpub\wwwroot\CubeTool\icons\pointer-par.cur
Deleted file - C:\inetpub\wwwroot\CubeTool\icons\pointer-pos-nok.cur
Deleted file - C:\inetpub\wwwroot\CubeTool\icons\pointer-pos.cur
Deleted file - C:\inetpub\wwwroot\CubeTool\icons\pointer_move.cur
Deleted file - C:\inetpub\wwwroot\CubeTool\icons\produkt.bmp
Deleted file - C:\inetpub\wwwroot\CubeTool\icons\produkt_large.bmp
Deleted file - C:\inetpub\wwwroot\CubeTool\icons\README.md
Deleted file - C:\inetpub\wwwroot\CubeTool\icons\ref.bmp
Deleted file - C:\inetpub\wwwroot\CubeTool\icons\ref_large.bmp
Deleted file - C:\inetpub\wwwroot\CubeTool\icons\restrict.bmp
Deleted file - C:\inetpub\wwwroot\CubeTool\icons\restrict_large.bmp
Deleted file - C:\inetpub\wwwroot\CubeTool\icons\reuse.bmp
Deleted file - C:\inetpub\wwwroot\CubeTool\icons\reuse_large.bmp
Deleted file - C:\inetpub\wwwroot\CubeTool\icons\subtype.bmp
Deleted file - C:\inetpub\wwwroot\CubeTool\icons\subtype_large.bmp
Deleted file - C:\inetpub\wwwroot\CubeTool\icons\sysbot.bmp
Deleted file - C:\inetpub\wwwroot\CubeTool\icons\sysbot_large.bmp
Deleted file - C:\inetpub\wwwroot\CubeTool\icons\system.bmp
Deleted file - C:\inetpub\wwwroot\CubeTool\icons\system_large.bmp
Deleted file - C:\inetpub\wwwroot\CubeTool\icons\template.bmp
Deleted file - C:\inetpub\wwwroot\CubeTool\icons\template_large.bmp
Deleted file - C:\inetpub\wwwroot\CubeTool\icons\tspgroup.bmp
Deleted file - C:\inetpub\wwwroot\CubeTool\icons\tspgroup_large.bmp
Deleted file - C:\inetpub\wwwroot\CubeTool\icons\type.bmp
Deleted file - C:\inetpub\wwwroot\CubeTool\icons\typespec.bmp
Deleted file - C:\inetpub\wwwroot\CubeTool\icons\typespec_large.bmp
Deleted file - C:\inetpub\wwwroot\CubeTool\icons\type_add.bmp
Deleted file - C:\inetpub\wwwroot\CubeTool\icons\type_large.bmp
Deleted file - C:\inetpub\wwwroot\CubeTool\icons\value.bmp
Deleted file - C:\inetpub\wwwroot\CubeTool\icons\value_add.bmp
Deleted file - C:\inetpub\wwwroot\CubeTool\icons\value_large.bmp
Systems\CubeTool\files\base_css.php
Systems\CubeTool\files\README.md
Systems\CubeTool\files\icons\add.bmp
Systems\CubeTool\files\icons\adres.bmp
Systems\CubeTool\files\icons\adres_large.bmp
Systems\CubeTool\files\icons\attrib.bmp
Systems\CubeTool\files\icons\attrib_add.bmp
Systems\CubeTool\files\icons\attrib_large.bmp
Systems\CubeTool\files\icons\botype.bmp
Systems\CubeTool\files\icons\botype_add.bmp
Systems\CubeTool\files\icons\botype_large.bmp
Systems\CubeTool\files\icons\close.bmp
Systems\CubeTool\files\icons\close_h.bmp
Systems\CubeTool\files\icons\cubegen.bmp
Systems\CubeTool\files\icons\cubegen_large.bmp
Systems\CubeTool\files\icons\cube_change_par.bmp
Systems\CubeTool\files\icons\cube_move.bmp
Systems\CubeTool\files\icons\deriv.bmp
Systems\CubeTool\files\icons\deriv_large.bmp
Systems\CubeTool\files\icons\desc.bmp
Systems\CubeTool\files\icons\desc_large.bmp
Systems\CubeTool\files\icons\dot.bmp
Systems\CubeTool\files\icons\dot_large.bmp
Systems\CubeTool\files\icons\exit.bmp
Systems\CubeTool\files\icons\expres.bmp
Systems\CubeTool\files\icons\expres_large.bmp
Systems\CubeTool\files\icons\Folder.bmp
Systems\CubeTool\files\icons\Folder_large.bmp
Systems\CubeTool\files\icons\funcatb.bmp
Systems\CubeTool\files\icons\funcatb_large.bmp
Systems\CubeTool\files\icons\function.bmp
Systems\CubeTool\files\icons\function_large.bmp
Systems\CubeTool\files\icons\infelem.bmp
Systems\CubeTool\files\icons\infelem_add.bmp
Systems\CubeTool\files\icons\infelem_large.bmp
Systems\CubeTool\files\icons\inftype.bmp
Systems\CubeTool\files\icons\inftype_large.bmp
Systems\CubeTool\files\icons\irf.bmp
Systems\CubeTool\files\icons\irf_large.bmp
Systems\CubeTool\files\icons\klant.bmp
Systems\CubeTool\files\icons\klant_large.bmp
Systems\CubeTool\files\icons\model.bmp
Systems\CubeTool\files\icons\model_large.bmp
Systems\CubeTool\files\icons\open.bmp
Systems\CubeTool\files\icons\open_h.bmp
Systems\CubeTool\files\icons\order.bmp
Systems\CubeTool\files\icons\order_large.bmp
Systems\CubeTool\files\icons\ordprod.bmp
Systems\CubeTool\files\icons\ordprod_large.bmp
Systems\CubeTool\files\icons\part.bmp
Systems\CubeTool\files\icons\partit.bmp
Systems\CubeTool\files\icons\partit_large.bmp
Systems\CubeTool\files\icons\part_large.bmp
Systems\CubeTool\files\icons\pointer-par-nok.cur
Systems\CubeTool\files\icons\pointer-par.cur
Systems\CubeTool\files\icons\pointer-pos-nok.cur
Systems\CubeTool\files\icons\pointer-pos.cur
Systems\CubeTool\files\icons\pointer_move.cur
Systems\CubeTool\files\icons\produkt.bmp
Systems\CubeTool\files\icons\produkt_large.bmp
Systems\CubeTool\files\icons\README.md
Systems\CubeTool\files\icons\ref.bmp
Systems\CubeTool\files\icons\ref_large.bmp
Systems\CubeTool\files\icons\restrict.bmp
Systems\CubeTool\files\icons\restrict_large.bmp
Systems\CubeTool\files\icons\reuse.bmp
Systems\CubeTool\files\icons\reuse_large.bmp
Systems\CubeTool\files\icons\subtype.bmp
Systems\CubeTool\files\icons\subtype_large.bmp
Systems\CubeTool\files\icons\sysbot.bmp
Systems\CubeTool\files\icons\sysbot_large.bmp
Systems\CubeTool\files\icons\system.bmp
Systems\CubeTool\files\icons\system_large.bmp
Systems\CubeTool\files\icons\template.bmp
Systems\CubeTool\files\icons\template_large.bmp
Systems\CubeTool\files\icons\tspgroup.bmp
Systems\CubeTool\files\icons\tspgroup_large.bmp
Systems\CubeTool\files\icons\type.bmp
Systems\CubeTool\files\icons\typespec.bmp
Systems\CubeTool\files\icons\typespec_large.bmp
Systems\CubeTool\files\icons\type_add.bmp
Systems\CubeTool\files\icons\type_large.bmp
Systems\CubeTool\files\icons\value.bmp
Systems\CubeTool\files\icons\value_add.bmp
Systems\CubeTool\files\icons\value_large.bmp
85 File(s) copied
Systems\CubeTool\php\CubeDbLogon.php
Systems\CubeTool\php\CubeToolDetail.php
Systems\CubeTool\php\CubeToolDetailARG.php
Systems\CubeTool\php\CubeToolDetailATB.php
Systems\CubeTool\php\CubeToolDetailBOT.php
Systems\CubeTool\php\CubeToolDetailCGF.php
Systems\CubeTool\php\CubeToolDetailCGM.php
Systems\CubeTool\php\CubeToolDetailCGO.php
Systems\CubeTool\php\CubeToolDetailCGP.php
Systems\CubeTool\php\CubeToolDetailCUB.php
Systems\CubeTool\php\CubeToolDetailDCA.php
Systems\CubeTool\php\CubeToolDetailDCR.php
Systems\CubeTool\php\CubeToolDetailDCT.php
Systems\CubeTool\php\CubeToolDetailDER.php
Systems\CubeTool\php\CubeToolDetailFUN.php
Systems\CubeTool\php\CubeToolDetailITE.php
Systems\CubeTool\php\CubeToolDetailITP.php
Systems\CubeTool\php\CubeToolDetailPAR.php
Systems\CubeTool\php\CubeToolDetailREF.php
Systems\CubeTool\php\CubeToolDetailRTA.php
Systems\CubeTool\php\CubeToolDetailRTR.php
Systems\CubeTool\php\CubeToolDetailSBT.php
Systems\CubeTool\php\CubeToolDetailSTP.php
Systems\CubeTool\php\CubeToolDetailSYS.php
Systems\CubeTool\php\CubeToolDetailTSG.php
Systems\CubeTool\php\CubeToolDetailTSP.php
Systems\CubeTool\php\CubeToolDetailTYP.php
Systems\CubeTool\php\CubeToolDetailTYR.php
Systems\CubeTool\php\CubeToolDetailVAL.php
Systems\CubeTool\php\CubeToolMain.php
Systems\CubeTool\php\CubeToolServer.php
Systems\CubeTool\php\CubeToolTree.php
Systems\CubeTool\php\Index.php
Systems\CubeTool\php\README.md
34 File(s) copied

SQL*Plus: Release 12.2.0.1.0 Production on Wed Mar 14 20:01:29 2018

Copyright (c) 1982, 2016, Oracle.  All rights reserved.

Last Successful login time: Wed Mar 14 2018 19:55:36 +01:00

Connected to:
Oracle Database 12c Enterprise Edition Release 12.2.0.1.0 - 64bit Production


Sequence dropped.


Sequence created.


Table dropped.


Table created.

Disconnected from Oracle Database 12c Enterprise Edition Release 12.2.0.1.0 - 64bit Production

SQL*Plus: Release 12.2.0.1.0 Production on Wed Mar 14 20:01:29 2018

Copyright (c) 1982, 2016, Oracle.  All rights reserved.

Last Successful login time: Wed Mar 14 2018 20:01:29 +01:00

Connected to:
Oracle Database 12c Enterprise Edition Release 12.2.0.1.0 - 64bit Production


View created.


Package created.

No errors.

Package body created.

No errors.

Trigger created.

No errors.
Disconnected from Oracle Database 12c Enterprise Edition Release 12.2.0.1.0 - 64bit Production

SQL*Plus: Release 12.2.0.1.0 Production on Wed Mar 14 20:01:30 2018

Copyright (c) 1982, 2016, Oracle.  All rights reserved.

Last Successful login time: Wed Mar 14 2018 20:01:30 +01:00

Connected to:
Oracle Database 12c Enterprise Edition Release 12.2.0.1.0 - 64bit Production


PL/SQL procedure successfully completed.


Package created.


Package body created.


Package created.

No errors.

Package body created.

No errors.
Disconnected from Oracle Database 12c Enterprise Edition Release 12.2.0.1.0 - 64bit Production
Systems\CubeSys\php\CubeSysDetail.php
Systems\CubeSys\php\CubeSysDetailCUBE_DSC.php
Systems\CubeSys\php\CubeSysServer.php
Systems\CubeSys\php\CubeSysTree.php
Systems\CubeSys\php\README.md
5 File(s) copied

CubeGen v2.`8  14 March 2018
=====================================
Reading Model      : Systems\CubeTool\CubeBoModel.cgm
Preparing Template : Templates\SystemImport.cgt
Generating Code    : Systems\CubeTool\SystemImport.sql
Ready

SQL*Plus: Release 12.2.0.1.0 Production on Wed Mar 14 20:01:32 2018

Copyright (c) 1982, 2016, Oracle.  All rights reserved.

Last Successful login time: Wed Mar 14 2018 20:01:30 +01:00

Connected to:
Oracle Database 12c Enterprise Edition Release 12.2.0.1.0 - 64bit Production


0 rows deleted.


1 row created.


1 row created.


1 row created.


1 row created.


1 row created.


1 row created.


1 row created.


1 row created.


1 row created.


1 row created.


1 row created.


1 row created.


1 row created.


1 row created.


1 row created.


1 row created.


1 row created.

Disconnected from Oracle Database 12c Enterprise Edition Release 12.2.0.1.0 - 64bit Production
